2021-01-13 10:52:03.468  INFO 9840 --- [restartedMain] com.rest.api.ApiApplication              : Starting ApiApplication using Java 1.8.0_112 on DESKTOP-I8DO9IO with PID 9840 (D:\project\api\build\classes\java\main started by sangs in D:\project\api)
2021-01-13 10:52:03.483  INFO 9840 --- [restartedMain] com.rest.api.ApiApplication              : The following profiles are active: local
2021-01-13 10:52:03.639  INFO 9840 --- [restartedMain] .e.DevToolsPropertyDefaultsPostProcessor : Devtools property defaults active! Set 'spring.devtools.add-properties' to 'false' to disable
2021-01-13 10:52:03.639  INFO 9840 --- [restartedMain] .e.DevToolsPropertyDefaultsPostProcessor : For additional web related logging consider setting the 'logging.level.web' property to 'DEBUG'
2021-01-13 10:52:05.639  INFO 9840 --- [restartedMain] .s.d.r.c.RepositoryConfigurationDelegate : Multiple Spring Data modules found, entering strict repository configuration mode!
2021-01-13 10:52:05.639  INFO 9840 --- [restartedMain] .s.d.r.c.RepositoryConfigurationDelegate : Bootstrapping Spring Data JPA repositories in DEFAULT mode.
2021-01-13 10:52:05.874  INFO 9840 --- [restartedMain] .s.d.r.c.RepositoryConfigurationDelegate : Finished Spring Data repository scanning in 200 ms. Found 2 JPA repository interfaces.
2021-01-13 10:52:05.936  INFO 9840 --- [restartedMain] .s.d.r.c.RepositoryConfigurationDelegate : Multiple Spring Data modules found, entering strict repository configuration mode!
2021-01-13 10:52:05.936  INFO 9840 --- [restartedMain] .s.d.r.c.RepositoryConfigurationDelegate : Bootstrapping Spring Data Redis repositories in DEFAULT mode.
2021-01-13 10:52:05.967  INFO 9840 --- [restartedMain] .RepositoryConfigurationExtensionSupport : Spring Data Redis - Could not safely identify store assignment for repository candidate interface com.rest.api.repository.PostRepository. If you want this repository to be a Redis repository, consider annotating your entities with one of these annotations: org.springframework.data.redis.core.RedisHash (preferred), or consider extending one of the following types with your repository: org.springframework.data.keyvalue.repository.KeyValueRepository.
2021-01-13 10:52:05.967  INFO 9840 --- [restartedMain] .RepositoryConfigurationExtensionSupport : Spring Data Redis - Could not safely identify store assignment for repository candidate interface com.rest.api.repository.UserRepository. If you want this repository to be a Redis repository, consider annotating your entities with one of these annotations: org.springframework.data.redis.core.RedisHash (preferred), or consider extending one of the following types with your repository: org.springframework.data.keyvalue.repository.KeyValueRepository.
2021-01-13 10:52:05.967  INFO 9840 --- [restartedMain] .s.d.r.c.RepositoryConfigurationDelegate : Finished Spring Data repository scanning in 14 ms. Found 0 Redis repository interfaces.
2021-01-13 10:52:07.764  INFO 9840 --- [restartedMain] o.s.b.w.embedded.tomcat.TomcatWebServer  : Tomcat initialized with port(s): 9090 (http)
2021-01-13 10:52:07.780  INFO 9840 --- [restartedMain] o.apache.catalina.core.StandardService   : Starting service [Tomcat]
2021-01-13 10:52:07.795  INFO 9840 --- [restartedMain] org.apache.catalina.core.StandardEngine  : Starting Servlet engine: [Apache Tomcat/9.0.41]
2021-01-13 10:52:08.045  INFO 9840 --- [restartedMain] o.a.c.c.C.[Tomcat].[localhost].[/]       : Initializing Spring embedded WebApplicationContext
2021-01-13 10:52:08.045  INFO 9840 --- [restartedMain] w.s.c.ServletWebServerApplicationContext : Root WebApplicationContext: initialization completed in 4406 ms
2021-01-13 10:52:08.686  INFO 9840 --- [restartedMain] com.zaxxer.hikari.HikariDataSource       : HikariPool-1 - Starting...
2021-01-13 10:52:08.887  INFO 9840 --- [restartedMain] com.zaxxer.hikari.HikariDataSource       : HikariPool-1 - Start completed.
2021-01-13 10:52:08.887  INFO 9840 --- [restartedMain] o.s.b.a.h2.H2ConsoleAutoConfiguration    : H2 console available at '/h2-console'. Database available at 'jdbc:h2:mem:testdb'
2021-01-13 10:52:08.918  INFO 9840 --- [restartedMain] o.s.boot.web.servlet.RegistrationBean    : Filter jwtRequestFilter was not registered (disabled)
2021-01-13 10:52:09.168  INFO 9840 --- [restartedMain] o.hibernate.jpa.internal.util.LogHelper  : HHH000204: Processing PersistenceUnitInfo [name: default]
2021-01-13 10:52:09.262  INFO 9840 --- [restartedMain] org.hibernate.Version                    : HHH000412: Hibernate ORM core version 5.4.25.Final
2021-01-13 10:52:09.559  INFO 9840 --- [restartedMain] o.hibernate.annotations.common.Version   : HCANN000001: Hibernate Commons Annotations {5.1.2.Final}
2021-01-13 10:52:09.746  INFO 9840 --- [restartedMain] org.hibernate.dialect.Dialect            : HHH000400: Using dialect: org.hibernate.dialect.H2Dialect
2021-01-13 10:52:11.343 DEBUG 9840 --- [restartedMain] org.hibernate.SQL                        : 
    
    create table post (
       id bigint generated by default as identity,
        created_date date not null,
        title varchar(255),
        primary key (id)
    )
2021-01-13 10:52:11.374 DEBUG 9840 --- [restartedMain] org.hibernate.SQL                        : 
    
    create table user (
       id bigint generated by default as identity,
        email varchar(100) not null,
        password varchar(100) not null,
        primary key (id)
    )
2021-01-13 10:52:11.374 DEBUG 9840 --- [restartedMain] org.hibernate.SQL                        : 
    
    create table user_roles (
       user_id bigint not null,
        roles varchar(255)
    )
2021-01-13 10:52:11.374 DEBUG 9840 --- [restartedMain] org.hibernate.SQL                        : 
    
    alter table user 
       drop constraint if exists UK_ob8kqyqqgmefl0aco34akdtpe
2021-01-13 10:52:11.374 DEBUG 9840 --- [restartedMain] org.hibernate.SQL                        : 
    
    alter table user 
       add constraint UK_ob8kqyqqgmefl0aco34akdtpe unique (email)
2021-01-13 10:52:11.374 DEBUG 9840 --- [restartedMain] org.hibernate.SQL                        : 
    
    alter table user_roles 
       add constraint FK55itppkw3i07do3h7qoclqd4k 
       foreign key (user_id) 
       references user
2021-01-13 10:52:11.390  INFO 9840 --- [restartedMain] o.h.e.t.j.p.i.JtaPlatformInitiator       : HHH000490: Using JtaPlatform implementation: [org.hibernate.engine.transaction.jta.platform.internal.NoJtaPlatform]
2021-01-13 10:52:11.405  INFO 9840 --- [restartedMain] j.LocalContainerEntityManagerFactoryBean : Initialized JPA EntityManagerFactory for persistence unit 'default'
2021-01-13 10:52:11.499  INFO 9840 --- [restartedMain] o.s.b.d.a.OptionalLiveReloadServer       : LiveReload server is running on port 35729
2021-01-13 10:52:11.608  WARN 9840 --- [restartedMain] JpaBaseConfiguration$JpaWebConfiguration : spring.jpa.open-in-view is enabled by default. Therefore, database queries may be performed during view rendering. Explicitly configure spring.jpa.open-in-view to disable this warning
2021-01-13 10:52:12.972  INFO 9840 --- [restartedMain] o.s.s.web.DefaultSecurityFilterChain     : Will secure any request with [org.springframework.security.web.context.request.async.WebAsyncManagerIntegrationFilter@78a5528d, org.springframework.security.web.context.SecurityContextPersistenceFilter@91446d7, org.springframework.security.web.header.HeaderWriterFilter@54b9b824, org.springframework.web.filter.CorsFilter@6fc0b98b, org.springframework.security.web.authentication.logout.LogoutFilter@12a71c88, org.springframework.security.web.savedrequest.RequestCacheAwareFilter@1f6f441a, org.springframework.security.web.servletapi.SecurityContextHolderAwareRequestFilter@32098f0c, org.springframework.security.web.authentication.AnonymousAuthenticationFilter@73b486bc, org.springframework.security.web.session.SessionManagementFilter@629bf306, org.springframework.security.web.access.ExceptionTranslationFilter@5496a333, org.springframework.security.web.access.intercept.FilterSecurityInterceptor@f8ee133]
2021-01-13 10:52:13.175  INFO 9840 --- [restartedMain] o.s.s.concurrent.ThreadPoolTaskExecutor  : Initializing ExecutorService 'applicationTaskExecutor'
2021-01-13 10:52:13.800  INFO 9840 --- [restartedMain] o.s.b.w.embedded.tomcat.TomcatWebServer  : Tomcat started on port(s): 9090 (http) with context path ''
2021-01-13 10:52:13.816  INFO 9840 --- [restartedMain] com.rest.api.ApiApplication              : Started ApiApplication in 12.174 seconds (JVM running for 16.792)
2021-01-13 10:52:22.247  INFO 9840 --- [http-nio-9090-exec-1] o.a.c.c.C.[Tomcat].[localhost].[/]       : Initializing Spring DispatcherServlet 'dispatcherServlet'
2021-01-13 10:52:22.247  INFO 9840 --- [http-nio-9090-exec-1] o.s.web.servlet.DispatcherServlet        : Initializing Servlet 'dispatcherServlet'
2021-01-13 10:52:22.250  INFO 9840 --- [http-nio-9090-exec-1] o.s.web.servlet.DispatcherServlet        : Completed initialization in 3 ms
2021-01-13 10:52:22.671 DEBUG 9840 --- [http-nio-9090-exec-1] org.hibernate.SQL                        : 
    /* select
        generatedAlias0 
    from
        Post as generatedAlias0 */ select
            post0_.id as id1_0_,
            post0_.created_date as created_2_0_,
            post0_.title as title3_0_ 
        from
            post post0_
2021-01-13 10:56:25.151 DEBUG 9840 --- [http-nio-9090-exec-4] org.hibernate.SQL                        : 
    /* select
        generatedAlias0 
    from
        Post as generatedAlias0 */ select
            post0_.id as id1_0_,
            post0_.created_date as created_2_0_,
            post0_.title as title3_0_ 
        from
            post post0_
2021-01-13 10:57:36.519  INFO 9840 --- [Thread-24] o.s.s.concurrent.ThreadPoolTaskExecutor  : Shutting down ExecutorService 'applicationTaskExecutor'
2021-01-13 10:57:36.519  INFO 9840 --- [Thread-24] j.LocalContainerEntityManagerFactoryBean : Closing JPA EntityManagerFactory for persistence unit 'default'
2021-01-13 10:57:36.727  WARN 9840 --- [Thread-24] o.s.b.f.support.DisposableBeanAdapter    : Invocation of destroy method failed on bean with name 'inMemoryDatabaseShutdownExecutor': org.h2.jdbc.JdbcSQLNonTransientConnectionException: Database is already closed (to disable automatic closing at VM shutdown, add ";DB_CLOSE_ON_EXIT=FALSE" to the db URL) [90121-200]
2021-01-13 10:57:36.727  INFO 9840 --- [Thread-24] com.zaxxer.hikari.HikariDataSource       : HikariPool-1 - Shutdown initiated...
2021-01-13 10:57:36.727  INFO 9840 --- [Thread-24] com.zaxxer.hikari.HikariDataSource       : HikariPool-1 - Shutdown completed.
2021-01-13 10:57:37.255  INFO 9840 --- [restartedMain] com.rest.api.ApiApplication              : Starting ApiApplication using Java 1.8.0_112 on DESKTOP-I8DO9IO with PID 9840 (D:\project\api\build\classes\java\main started by sangs in D:\project\api)
2021-01-13 10:57:37.256  INFO 9840 --- [restartedMain] com.rest.api.ApiApplication              : The following profiles are active: local
2021-01-13 10:57:37.543  INFO 9840 --- [restartedMain] .s.d.r.c.RepositoryConfigurationDelegate : Multiple Spring Data modules found, entering strict repository configuration mode!
2021-01-13 10:57:37.543  INFO 9840 --- [restartedMain] .s.d.r.c.RepositoryConfigurationDelegate : Bootstrapping Spring Data JPA repositories in DEFAULT mode.
2021-01-13 10:57:37.574  INFO 9840 --- [restartedMain] .s.d.r.c.RepositoryConfigurationDelegate : Finished Spring Data repository scanning in 32 ms. Found 2 JPA repository interfaces.
2021-01-13 10:57:37.574  INFO 9840 --- [restartedMain] .s.d.r.c.RepositoryConfigurationDelegate : Multiple Spring Data modules found, entering strict repository configuration mode!
2021-01-13 10:57:37.574  INFO 9840 --- [restartedMain] .s.d.r.c.RepositoryConfigurationDelegate : Bootstrapping Spring Data Redis repositories in DEFAULT mode.
2021-01-13 10:57:37.590  INFO 9840 --- [restartedMain] .RepositoryConfigurationExtensionSupport : Spring Data Redis - Could not safely identify store assignment for repository candidate interface com.rest.api.repository.PostRepository. If you want this repository to be a Redis repository, consider annotating your entities with one of these annotations: org.springframework.data.redis.core.RedisHash (preferred), or consider extending one of the following types with your repository: org.springframework.data.keyvalue.repository.KeyValueRepository.
2021-01-13 10:57:37.592  INFO 9840 --- [restartedMain] .RepositoryConfigurationExtensionSupport : Spring Data Redis - Could not safely identify store assignment for repository candidate interface com.rest.api.repository.UserRepository. If you want this repository to be a Redis repository, consider annotating your entities with one of these annotations: org.springframework.data.redis.core.RedisHash (preferred), or consider extending one of the following types with your repository: org.springframework.data.keyvalue.repository.KeyValueRepository.
2021-01-13 10:57:37.592  INFO 9840 --- [restartedMain] .s.d.r.c.RepositoryConfigurationDelegate : Finished Spring Data repository scanning in 6 ms. Found 0 Redis repository interfaces.
2021-01-13 10:57:37.801  INFO 9840 --- [restartedMain] o.s.b.w.embedded.tomcat.TomcatWebServer  : Tomcat initialized with port(s): 9090 (http)
2021-01-13 10:57:37.801  INFO 9840 --- [restartedMain] o.apache.catalina.core.StandardService   : Starting service [Tomcat]
2021-01-13 10:57:37.801  INFO 9840 --- [restartedMain] org.apache.catalina.core.StandardEngine  : Starting Servlet engine: [Apache Tomcat/9.0.41]
2021-01-13 10:57:37.832  INFO 9840 --- [restartedMain] o.a.c.c.C.[Tomcat].[localhost].[/]       : Initializing Spring embedded WebApplicationContext
2021-01-13 10:57:37.832  INFO 9840 --- [restartedMain] w.s.c.ServletWebServerApplicationContext : Root WebApplicationContext: initialization completed in 572 ms
2021-01-13 10:57:37.894  INFO 9840 --- [restartedMain] com.zaxxer.hikari.HikariDataSource       : HikariPool-2 - Starting...
2021-01-13 10:57:37.910  INFO 9840 --- [restartedMain] com.zaxxer.hikari.HikariDataSource       : HikariPool-2 - Start completed.
2021-01-13 10:57:37.910  INFO 9840 --- [restartedMain] o.s.b.a.h2.H2ConsoleAutoConfiguration    : H2 console available at '/h2-console'. Database available at 'jdbc:h2:mem:testdb'
2021-01-13 10:57:37.926  INFO 9840 --- [restartedMain] o.s.boot.web.servlet.RegistrationBean    : Filter jwtRequestFilter was not registered (disabled)
2021-01-13 10:57:37.941  INFO 9840 --- [restartedMain] o.hibernate.jpa.internal.util.LogHelper  : HHH000204: Processing PersistenceUnitInfo [name: default]
2021-01-13 10:57:37.941  INFO 9840 --- [restartedMain] org.hibernate.dialect.Dialect            : HHH000400: Using dialect: org.hibernate.dialect.H2Dialect
2021-01-13 10:57:38.066 DEBUG 9840 --- [restartedMain] org.hibernate.SQL                        : 
    
    create table post (
       id bigint generated by default as identity,
        created_date date not null,
        title varchar(255),
        primary key (id)
    )
2021-01-13 10:57:38.082 DEBUG 9840 --- [restartedMain] org.hibernate.SQL                        : 
    
    create table user (
       id bigint generated by default as identity,
        email varchar(100) not null,
        password varchar(100) not null,
        primary key (id)
    )
2021-01-13 10:57:38.082 DEBUG 9840 --- [restartedMain] org.hibernate.SQL                        : 
    
    create table user_roles (
       user_id bigint not null,
        roles varchar(255)
    )
2021-01-13 10:57:38.082 DEBUG 9840 --- [restartedMain] org.hibernate.SQL                        : 
    
    alter table user 
       drop constraint if exists UK_ob8kqyqqgmefl0aco34akdtpe
2021-01-13 10:57:38.082 DEBUG 9840 --- [restartedMain] org.hibernate.SQL                        : 
    
    alter table user 
       add constraint UK_ob8kqyqqgmefl0aco34akdtpe unique (email)
2021-01-13 10:57:38.082 DEBUG 9840 --- [restartedMain] org.hibernate.SQL                        : 
    
    alter table user_roles 
       add constraint FK55itppkw3i07do3h7qoclqd4k 
       foreign key (user_id) 
       references user
2021-01-13 10:57:38.082  INFO 9840 --- [restartedMain] o.h.e.t.j.p.i.JtaPlatformInitiator       : HHH000490: Using JtaPlatform implementation: [org.hibernate.engine.transaction.jta.platform.internal.NoJtaPlatform]
2021-01-13 10:57:38.082  INFO 9840 --- [restartedMain] j.LocalContainerEntityManagerFactoryBean : Initialized JPA EntityManagerFactory for persistence unit 'default'
2021-01-13 10:57:38.113  INFO 9840 --- [restartedMain] o.s.b.d.a.OptionalLiveReloadServer       : LiveReload server is running on port 35729
2021-01-13 10:57:38.176  WARN 9840 --- [restartedMain] JpaBaseConfiguration$JpaWebConfiguration : spring.jpa.open-in-view is enabled by default. Therefore, database queries may be performed during view rendering. Explicitly configure spring.jpa.open-in-view to disable this warning
2021-01-13 10:57:38.316  INFO 9840 --- [restartedMain] o.s.s.web.DefaultSecurityFilterChain     : Will secure any request with [org.springframework.security.web.context.request.async.WebAsyncManagerIntegrationFilter@7255aff4, org.springframework.security.web.context.SecurityContextPersistenceFilter@4551340c, org.springframework.security.web.header.HeaderWriterFilter@fe72fd8, org.springframework.web.filter.CorsFilter@3fd079d6, org.springframework.security.web.authentication.logout.LogoutFilter@2d72006f, org.springframework.security.web.savedrequest.RequestCacheAwareFilter@5e158e1a, org.springframework.security.web.servletapi.SecurityContextHolderAwareRequestFilter@683af3ef, org.springframework.security.web.authentication.AnonymousAuthenticationFilter@141cf3a9, org.springframework.security.web.session.SessionManagementFilter@1fe2d3dd, org.springframework.security.web.access.ExceptionTranslationFilter@107175c1, org.springframework.security.web.access.intercept.FilterSecurityInterceptor@71845ca5]
2021-01-13 10:57:38.379  INFO 9840 --- [restartedMain] o.s.s.concurrent.ThreadPoolTaskExecutor  : Initializing ExecutorService 'applicationTaskExecutor'
2021-01-13 10:57:38.488  INFO 9840 --- [restartedMain] o.s.b.w.embedded.tomcat.TomcatWebServer  : Tomcat started on port(s): 9090 (http) with context path ''
2021-01-13 10:57:38.488  INFO 9840 --- [restartedMain] com.rest.api.ApiApplication              : Started ApiApplication in 1.311 seconds (JVM running for 341.465)
2021-01-13 10:57:38.488  INFO 9840 --- [restartedMain] .ConditionEvaluationDeltaLoggingListener : Condition evaluation unchanged
2021-01-13 10:57:40.753  INFO 9840 --- [Thread-37] o.s.s.concurrent.ThreadPoolTaskExecutor  : Shutting down ExecutorService 'applicationTaskExecutor'
2021-01-13 10:57:40.758  INFO 9840 --- [Thread-37] j.LocalContainerEntityManagerFactoryBean : Closing JPA EntityManagerFactory for persistence unit 'default'
2021-01-13 10:57:40.961  WARN 9840 --- [Thread-37] o.s.b.f.support.DisposableBeanAdapter    : Invocation of destroy method failed on bean with name 'inMemoryDatabaseShutdownExecutor': org.h2.jdbc.JdbcSQLNonTransientConnectionException: Database is already closed (to disable automatic closing at VM shutdown, add ";DB_CLOSE_ON_EXIT=FALSE" to the db URL) [90121-200]
2021-01-13 10:57:40.963  INFO 9840 --- [Thread-37] com.zaxxer.hikari.HikariDataSource       : HikariPool-2 - Shutdown initiated...
2021-01-13 10:57:40.972  INFO 9840 --- [Thread-37] com.zaxxer.hikari.HikariDataSource       : HikariPool-2 - Shutdown completed.
2021-01-13 10:57:41.383  INFO 9840 --- [restartedMain] com.rest.api.ApiApplication              : Starting ApiApplication using Java 1.8.0_112 on DESKTOP-I8DO9IO with PID 9840 (D:\project\api\build\classes\java\main started by sangs in D:\project\api)
2021-01-13 10:57:41.383  INFO 9840 --- [restartedMain] com.rest.api.ApiApplication              : The following profiles are active: local
2021-01-13 10:57:41.773  INFO 9840 --- [restartedMain] .s.d.r.c.RepositoryConfigurationDelegate : Multiple Spring Data modules found, entering strict repository configuration mode!
2021-01-13 10:57:41.773  INFO 9840 --- [restartedMain] .s.d.r.c.RepositoryConfigurationDelegate : Bootstrapping Spring Data JPA repositories in DEFAULT mode.
2021-01-13 10:57:41.792  INFO 9840 --- [restartedMain] .s.d.r.c.RepositoryConfigurationDelegate : Finished Spring Data repository scanning in 18 ms. Found 2 JPA repository interfaces.
2021-01-13 10:57:41.795  INFO 9840 --- [restartedMain] .s.d.r.c.RepositoryConfigurationDelegate : Multiple Spring Data modules found, entering strict repository configuration mode!
2021-01-13 10:57:41.796  INFO 9840 --- [restartedMain] .s.d.r.c.RepositoryConfigurationDelegate : Bootstrapping Spring Data Redis repositories in DEFAULT mode.
2021-01-13 10:57:41.798  INFO 9840 --- [restartedMain] .RepositoryConfigurationExtensionSupport : Spring Data Redis - Could not safely identify store assignment for repository candidate interface com.rest.api.repository.PostRepository. If you want this repository to be a Redis repository, consider annotating your entities with one of these annotations: org.springframework.data.redis.core.RedisHash (preferred), or consider extending one of the following types with your repository: org.springframework.data.keyvalue.repository.KeyValueRepository.
2021-01-13 10:57:41.799  INFO 9840 --- [restartedMain] .RepositoryConfigurationExtensionSupport : Spring Data Redis - Could not safely identify store assignment for repository candidate interface com.rest.api.repository.UserRepository. If you want this repository to be a Redis repository, consider annotating your entities with one of these annotations: org.springframework.data.redis.core.RedisHash (preferred), or consider extending one of the following types with your repository: org.springframework.data.keyvalue.repository.KeyValueRepository.
2021-01-13 10:57:41.800  INFO 9840 --- [restartedMain] .s.d.r.c.RepositoryConfigurationDelegate : Finished Spring Data repository scanning in 3 ms. Found 0 Redis repository interfaces.
2021-01-13 10:57:41.911  INFO 9840 --- [restartedMain] o.s.b.w.embedded.tomcat.TomcatWebServer  : Tomcat initialized with port(s): 9090 (http)
2021-01-13 10:57:41.912  INFO 9840 --- [restartedMain] o.apache.catalina.core.StandardService   : Starting service [Tomcat]
2021-01-13 10:57:41.912  INFO 9840 --- [restartedMain] org.apache.catalina.core.StandardEngine  : Starting Servlet engine: [Apache Tomcat/9.0.41]
2021-01-13 10:57:41.932  INFO 9840 --- [restartedMain] o.a.c.c.C.[Tomcat].[localhost].[/]       : Initializing Spring embedded WebApplicationContext
2021-01-13 10:57:41.932  INFO 9840 --- [restartedMain] w.s.c.ServletWebServerApplicationContext : Root WebApplicationContext: initialization completed in 549 ms
2021-01-13 10:57:41.962  INFO 9840 --- [restartedMain] com.zaxxer.hikari.HikariDataSource       : HikariPool-3 - Starting...
2021-01-13 10:57:41.964  INFO 9840 --- [restartedMain] com.zaxxer.hikari.HikariDataSource       : HikariPool-3 - Start completed.
2021-01-13 10:57:41.965  INFO 9840 --- [restartedMain] o.s.b.a.h2.H2ConsoleAutoConfiguration    : H2 console available at '/h2-console'. Database available at 'jdbc:h2:mem:testdb'
2021-01-13 10:57:41.975  INFO 9840 --- [restartedMain] o.s.boot.web.servlet.RegistrationBean    : Filter jwtRequestFilter was not registered (disabled)
2021-01-13 10:57:42.004  INFO 9840 --- [restartedMain] o.hibernate.jpa.internal.util.LogHelper  : HHH000204: Processing PersistenceUnitInfo [name: default]
2021-01-13 10:57:42.013  INFO 9840 --- [restartedMain] org.hibernate.dialect.Dialect            : HHH000400: Using dialect: org.hibernate.dialect.H2Dialect
2021-01-13 10:57:42.077 DEBUG 9840 --- [restartedMain] org.hibernate.SQL                        : 
    
    create table post (
       id bigint generated by default as identity,
        created_date date not null,
        title varchar(255),
        primary key (id)
    )
2021-01-13 10:57:42.079 DEBUG 9840 --- [restartedMain] org.hibernate.SQL                        : 
    
    create table user (
       id bigint generated by default as identity,
        email varchar(100) not null,
        password varchar(100) not null,
        primary key (id)
    )
2021-01-13 10:57:42.080 DEBUG 9840 --- [restartedMain] org.hibernate.SQL                        : 
    
    create table user_roles (
       user_id bigint not null,
        roles varchar(255)
    )
2021-01-13 10:57:42.082 DEBUG 9840 --- [restartedMain] org.hibernate.SQL                        : 
    
    alter table user 
       drop constraint if exists UK_ob8kqyqqgmefl0aco34akdtpe
2021-01-13 10:57:42.083 DEBUG 9840 --- [restartedMain] org.hibernate.SQL                        : 
    
    alter table user 
       add constraint UK_ob8kqyqqgmefl0aco34akdtpe unique (email)
2021-01-13 10:57:42.084 DEBUG 9840 --- [restartedMain] org.hibernate.SQL                        : 
    
    alter table user_roles 
       add constraint FK55itppkw3i07do3h7qoclqd4k 
       foreign key (user_id) 
       references user
2021-01-13 10:57:42.085  INFO 9840 --- [restartedMain] o.h.e.t.j.p.i.JtaPlatformInitiator       : HHH000490: Using JtaPlatform implementation: [org.hibernate.engine.transaction.jta.platform.internal.NoJtaPlatform]
2021-01-13 10:57:42.086  INFO 9840 --- [restartedMain] j.LocalContainerEntityManagerFactoryBean : Initialized JPA EntityManagerFactory for persistence unit 'default'
2021-01-13 10:57:42.096  INFO 9840 --- [restartedMain] o.s.b.d.a.OptionalLiveReloadServer       : LiveReload server is running on port 35729
2021-01-13 10:57:42.120  WARN 9840 --- [restartedMain] JpaBaseConfiguration$JpaWebConfiguration : spring.jpa.open-in-view is enabled by default. Therefore, database queries may be performed during view rendering. Explicitly configure spring.jpa.open-in-view to disable this warning
2021-01-13 10:57:42.222  INFO 9840 --- [restartedMain] o.s.s.web.DefaultSecurityFilterChain     : Will secure any request with [org.springframework.security.web.context.request.async.WebAsyncManagerIntegrationFilter@585259c6, org.springframework.security.web.context.SecurityContextPersistenceFilter@535e4bcb, org.springframework.security.web.header.HeaderWriterFilter@512e17ae, org.springframework.web.filter.CorsFilter@59f35dc0, org.springframework.security.web.authentication.logout.LogoutFilter@21032994, org.springframework.security.web.savedrequest.RequestCacheAwareFilter@5b78e84, org.springframework.security.web.servletapi.SecurityContextHolderAwareRequestFilter@24857afb, org.springframework.security.web.authentication.AnonymousAuthenticationFilter@288f705e, org.springframework.security.web.session.SessionManagementFilter@433cf7e4, org.springframework.security.web.access.ExceptionTranslationFilter@383dd054, org.springframework.security.web.access.intercept.FilterSecurityInterceptor@71a32a9c]
2021-01-13 10:57:42.252  INFO 9840 --- [restartedMain] o.s.s.concurrent.ThreadPoolTaskExecutor  : Initializing ExecutorService 'applicationTaskExecutor'
2021-01-13 10:57:42.313  INFO 9840 --- [restartedMain] o.s.b.w.embedded.tomcat.TomcatWebServer  : Tomcat started on port(s): 9090 (http) with context path ''
2021-01-13 10:57:42.313  INFO 9840 --- [restartedMain] com.rest.api.ApiApplication              : Started ApiApplication in 1.002 seconds (JVM running for 345.288)
2021-01-13 10:57:42.313  INFO 9840 --- [restartedMain] .ConditionEvaluationDeltaLoggingListener : Condition evaluation unchanged
2021-01-13 11:04:11.107  INFO 9840 --- [Thread-43] o.s.s.concurrent.ThreadPoolTaskExecutor  : Shutting down ExecutorService 'applicationTaskExecutor'
2021-01-13 11:04:11.123  INFO 9840 --- [Thread-43] j.LocalContainerEntityManagerFactoryBean : Closing JPA EntityManagerFactory for persistence unit 'default'
2021-01-13 11:04:11.326  WARN 9840 --- [Thread-43] o.s.b.f.support.DisposableBeanAdapter    : Invocation of destroy method failed on bean with name 'inMemoryDatabaseShutdownExecutor': org.h2.jdbc.JdbcSQLNonTransientConnectionException: Database is already closed (to disable automatic closing at VM shutdown, add ";DB_CLOSE_ON_EXIT=FALSE" to the db URL) [90121-200]
2021-01-13 11:04:11.326  INFO 9840 --- [Thread-43] com.zaxxer.hikari.HikariDataSource       : HikariPool-3 - Shutdown initiated...
2021-01-13 11:04:11.326  INFO 9840 --- [Thread-43] com.zaxxer.hikari.HikariDataSource       : HikariPool-3 - Shutdown completed.
2021-01-13 11:04:13.529  INFO 9840 --- [restartedMain] com.rest.api.ApiApplication              : Starting ApiApplication using Java 1.8.0_112 on DESKTOP-I8DO9IO with PID 9840 (D:\project\api\build\classes\java\main started by sangs in D:\project\api)
2021-01-13 11:04:13.529  INFO 9840 --- [restartedMain] com.rest.api.ApiApplication              : The following profiles are active: local
2021-01-13 11:04:13.795  INFO 9840 --- [restartedMain] .s.d.r.c.RepositoryConfigurationDelegate : Multiple Spring Data modules found, entering strict repository configuration mode!
2021-01-13 11:04:13.795  INFO 9840 --- [restartedMain] .s.d.r.c.RepositoryConfigurationDelegate : Bootstrapping Spring Data JPA repositories in DEFAULT mode.
2021-01-13 11:04:13.826  INFO 9840 --- [restartedMain] .s.d.r.c.RepositoryConfigurationDelegate : Finished Spring Data repository scanning in 20 ms. Found 2 JPA repository interfaces.
2021-01-13 11:04:13.826  INFO 9840 --- [restartedMain] .s.d.r.c.RepositoryConfigurationDelegate : Multiple Spring Data modules found, entering strict repository configuration mode!
2021-01-13 11:04:13.826  INFO 9840 --- [restartedMain] .s.d.r.c.RepositoryConfigurationDelegate : Bootstrapping Spring Data Redis repositories in DEFAULT mode.
2021-01-13 11:04:13.826  INFO 9840 --- [restartedMain] .RepositoryConfigurationExtensionSupport : Spring Data Redis - Could not safely identify store assignment for repository candidate interface com.rest.api.repository.PostRepository. If you want this repository to be a Redis repository, consider annotating your entities with one of these annotations: org.springframework.data.redis.core.RedisHash (preferred), or consider extending one of the following types with your repository: org.springframework.data.keyvalue.repository.KeyValueRepository.
2021-01-13 11:04:13.826  INFO 9840 --- [restartedMain] .RepositoryConfigurationExtensionSupport : Spring Data Redis - Could not safely identify store assignment for repository candidate interface com.rest.api.repository.UserRepository. If you want this repository to be a Redis repository, consider annotating your entities with one of these annotations: org.springframework.data.redis.core.RedisHash (preferred), or consider extending one of the following types with your repository: org.springframework.data.keyvalue.repository.KeyValueRepository.
2021-01-13 11:04:13.826  INFO 9840 --- [restartedMain] .s.d.r.c.RepositoryConfigurationDelegate : Finished Spring Data repository scanning in 3 ms. Found 0 Redis repository interfaces.
2021-01-13 11:04:13.953  INFO 9840 --- [restartedMain] o.s.b.w.embedded.tomcat.TomcatWebServer  : Tomcat initialized with port(s): 9090 (http)
2021-01-13 11:04:13.954  INFO 9840 --- [restartedMain] o.apache.catalina.core.StandardService   : Starting service [Tomcat]
2021-01-13 11:04:13.954  INFO 9840 --- [restartedMain] org.apache.catalina.core.StandardEngine  : Starting Servlet engine: [Apache Tomcat/9.0.41]
2021-01-13 11:04:13.971  INFO 9840 --- [restartedMain] o.a.c.c.C.[Tomcat].[localhost].[/]       : Initializing Spring embedded WebApplicationContext
2021-01-13 11:04:13.971  INFO 9840 --- [restartedMain] w.s.c.ServletWebServerApplicationContext : Root WebApplicationContext: initialization completed in 442 ms
2021-01-13 11:04:13.996  INFO 9840 --- [restartedMain] com.zaxxer.hikari.HikariDataSource       : HikariPool-4 - Starting...
2021-01-13 11:04:13.998  INFO 9840 --- [restartedMain] com.zaxxer.hikari.HikariDataSource       : HikariPool-4 - Start completed.
2021-01-13 11:04:13.998  INFO 9840 --- [restartedMain] o.s.b.a.h2.H2ConsoleAutoConfiguration    : H2 console available at '/h2-console'. Database available at 'jdbc:h2:mem:testdb'
2021-01-13 11:04:14.005  INFO 9840 --- [restartedMain] o.s.boot.web.servlet.RegistrationBean    : Filter jwtRequestFilter was not registered (disabled)
2021-01-13 11:04:14.020  INFO 9840 --- [restartedMain] o.hibernate.jpa.internal.util.LogHelper  : HHH000204: Processing PersistenceUnitInfo [name: default]
2021-01-13 11:04:14.025  INFO 9840 --- [restartedMain] org.hibernate.dialect.Dialect            : HHH000400: Using dialect: org.hibernate.dialect.H2Dialect
2021-01-13 11:04:14.089 DEBUG 9840 --- [restartedMain] org.hibernate.SQL                        : 
    
    create table post (
       id bigint generated by default as identity,
        created_date date not null,
        title varchar(255),
        primary key (id)
    )
2021-01-13 11:04:14.091 DEBUG 9840 --- [restartedMain] org.hibernate.SQL                        : 
    
    create table user (
       id bigint generated by default as identity,
        email varchar(100) not null,
        password varchar(100) not null,
        primary key (id)
    )
2021-01-13 11:04:14.093 DEBUG 9840 --- [restartedMain] org.hibernate.SQL                        : 
    
    create table user_roles (
       user_id bigint not null,
        roles varchar(255)
    )
2021-01-13 11:04:14.094 DEBUG 9840 --- [restartedMain] org.hibernate.SQL                        : 
    
    alter table user 
       drop constraint if exists UK_ob8kqyqqgmefl0aco34akdtpe
2021-01-13 11:04:14.095 DEBUG 9840 --- [restartedMain] org.hibernate.SQL                        : 
    
    alter table user 
       add constraint UK_ob8kqyqqgmefl0aco34akdtpe unique (email)
2021-01-13 11:04:14.097 DEBUG 9840 --- [restartedMain] org.hibernate.SQL                        : 
    
    alter table user_roles 
       add constraint FK55itppkw3i07do3h7qoclqd4k 
       foreign key (user_id) 
       references user
2021-01-13 11:04:14.100  INFO 9840 --- [restartedMain] o.h.e.t.j.p.i.JtaPlatformInitiator       : HHH000490: Using JtaPlatform implementation: [org.hibernate.engine.transaction.jta.platform.internal.NoJtaPlatform]
2021-01-13 11:04:14.101  INFO 9840 --- [restartedMain] j.LocalContainerEntityManagerFactoryBean : Initialized JPA EntityManagerFactory for persistence unit 'default'
2021-01-13 11:04:14.132  INFO 9840 --- [restartedMain] o.s.b.d.a.OptionalLiveReloadServer       : LiveReload server is running on port 35729
2021-01-13 11:04:14.158  WARN 9840 --- [restartedMain] JpaBaseConfiguration$JpaWebConfiguration : spring.jpa.open-in-view is enabled by default. Therefore, database queries may be performed during view rendering. Explicitly configure spring.jpa.open-in-view to disable this warning
2021-01-13 11:04:14.246  INFO 9840 --- [restartedMain] o.s.s.web.DefaultSecurityFilterChain     : Will secure any request with [org.springframework.security.web.context.request.async.WebAsyncManagerIntegrationFilter@203ae2ce, org.springframework.security.web.context.SecurityContextPersistenceFilter@5155ddda, org.springframework.security.web.header.HeaderWriterFilter@4c85b6b8, org.springframework.web.filter.CorsFilter@5b6669b4, org.springframework.security.web.authentication.logout.LogoutFilter@5aa8688c, org.springframework.security.web.savedrequest.RequestCacheAwareFilter@7ac91b3c, org.springframework.security.web.servletapi.SecurityContextHolderAwareRequestFilter@1b9842ab, org.springframework.security.web.authentication.AnonymousAuthenticationFilter@34bd8d6e, org.springframework.security.web.session.SessionManagementFilter@1305a9ef, org.springframework.security.web.access.ExceptionTranslationFilter@592e4337, org.springframework.security.web.access.intercept.FilterSecurityInterceptor@5665262c]
2021-01-13 11:04:14.282  INFO 9840 --- [restartedMain] o.s.s.concurrent.ThreadPoolTaskExecutor  : Initializing ExecutorService 'applicationTaskExecutor'
2021-01-13 11:04:14.353  INFO 9840 --- [restartedMain] o.s.b.w.embedded.tomcat.TomcatWebServer  : Tomcat started on port(s): 9090 (http) with context path ''
2021-01-13 11:04:14.358  INFO 9840 --- [restartedMain] com.rest.api.ApiApplication              : Started ApiApplication in 2.419 seconds (JVM running for 737.324)
2021-01-13 11:04:14.360  INFO 9840 --- [restartedMain] .ConditionEvaluationDeltaLoggingListener : Condition evaluation unchanged
2021-01-13 11:04:30.828  INFO 9840 --- [Thread-49] o.s.s.concurrent.ThreadPoolTaskExecutor  : Shutting down ExecutorService 'applicationTaskExecutor'
2021-01-13 11:04:30.828  INFO 9840 --- [Thread-49] j.LocalContainerEntityManagerFactoryBean : Closing JPA EntityManagerFactory for persistence unit 'default'
2021-01-13 11:04:31.031  WARN 9840 --- [Thread-49] o.s.b.f.support.DisposableBeanAdapter    : Invocation of destroy method failed on bean with name 'inMemoryDatabaseShutdownExecutor': org.h2.jdbc.JdbcSQLNonTransientConnectionException: Database is already closed (to disable automatic closing at VM shutdown, add ";DB_CLOSE_ON_EXIT=FALSE" to the db URL) [90121-200]
2021-01-13 11:04:31.031  INFO 9840 --- [Thread-49] com.zaxxer.hikari.HikariDataSource       : HikariPool-4 - Shutdown initiated...
2021-01-13 11:04:31.062  INFO 9840 --- [Thread-49] com.zaxxer.hikari.HikariDataSource       : HikariPool-4 - Shutdown completed.
2021-01-13 11:04:31.635  INFO 9840 --- [restartedMain] com.rest.api.ApiApplication              : Starting ApiApplication using Java 1.8.0_112 on DESKTOP-I8DO9IO with PID 9840 (D:\project\api\build\classes\java\main started by sangs in D:\project\api)
2021-01-13 11:04:31.635  INFO 9840 --- [restartedMain] com.rest.api.ApiApplication              : The following profiles are active: local
2021-01-13 11:04:32.447  INFO 9840 --- [restartedMain] .s.d.r.c.RepositoryConfigurationDelegate : Multiple Spring Data modules found, entering strict repository configuration mode!
2021-01-13 11:04:32.447  INFO 9840 --- [restartedMain] .s.d.r.c.RepositoryConfigurationDelegate : Bootstrapping Spring Data JPA repositories in DEFAULT mode.
2021-01-13 11:04:32.478  INFO 9840 --- [restartedMain] .s.d.r.c.RepositoryConfigurationDelegate : Finished Spring Data repository scanning in 36 ms. Found 2 JPA repository interfaces.
2021-01-13 11:04:32.494  INFO 9840 --- [restartedMain] .s.d.r.c.RepositoryConfigurationDelegate : Multiple Spring Data modules found, entering strict repository configuration mode!
2021-01-13 11:04:32.494  INFO 9840 --- [restartedMain] .s.d.r.c.RepositoryConfigurationDelegate : Bootstrapping Spring Data Redis repositories in DEFAULT mode.
2021-01-13 11:04:32.494  INFO 9840 --- [restartedMain] .RepositoryConfigurationExtensionSupport : Spring Data Redis - Could not safely identify store assignment for repository candidate interface com.rest.api.repository.PostRepository. If you want this repository to be a Redis repository, consider annotating your entities with one of these annotations: org.springframework.data.redis.core.RedisHash (preferred), or consider extending one of the following types with your repository: org.springframework.data.keyvalue.repository.KeyValueRepository.
2021-01-13 11:04:32.494  INFO 9840 --- [restartedMain] .RepositoryConfigurationExtensionSupport : Spring Data Redis - Could not safely identify store assignment for repository candidate interface com.rest.api.repository.UserRepository. If you want this repository to be a Redis repository, consider annotating your entities with one of these annotations: org.springframework.data.redis.core.RedisHash (preferred), or consider extending one of the following types with your repository: org.springframework.data.keyvalue.repository.KeyValueRepository.
2021-01-13 11:04:32.494  INFO 9840 --- [restartedMain] .s.d.r.c.RepositoryConfigurationDelegate : Finished Spring Data repository scanning in 5 ms. Found 0 Redis repository interfaces.
2021-01-13 11:04:32.698  INFO 9840 --- [restartedMain] o.s.b.w.embedded.tomcat.TomcatWebServer  : Tomcat initialized with port(s): 9090 (http)
2021-01-13 11:04:32.699  INFO 9840 --- [restartedMain] o.apache.catalina.core.StandardService   : Starting service [Tomcat]
2021-01-13 11:04:32.700  INFO 9840 --- [restartedMain] org.apache.catalina.core.StandardEngine  : Starting Servlet engine: [Apache Tomcat/9.0.41]
2021-01-13 11:04:32.734  INFO 9840 --- [restartedMain] o.a.c.c.C.[Tomcat].[localhost].[/]       : Initializing Spring embedded WebApplicationContext
2021-01-13 11:04:32.735  INFO 9840 --- [restartedMain] w.s.c.ServletWebServerApplicationContext : Root WebApplicationContext: initialization completed in 1085 ms
2021-01-13 11:04:32.779  INFO 9840 --- [restartedMain] com.zaxxer.hikari.HikariDataSource       : HikariPool-5 - Starting...
2021-01-13 11:04:32.782  INFO 9840 --- [restartedMain] com.zaxxer.hikari.HikariDataSource       : HikariPool-5 - Start completed.
2021-01-13 11:04:32.782  INFO 9840 --- [restartedMain] o.s.b.a.h2.H2ConsoleAutoConfiguration    : H2 console available at '/h2-console'. Database available at 'jdbc:h2:mem:testdb'
2021-01-13 11:04:32.794  INFO 9840 --- [restartedMain] o.s.boot.web.servlet.RegistrationBean    : Filter jwtRequestFilter was not registered (disabled)
2021-01-13 11:04:32.819  INFO 9840 --- [restartedMain] o.hibernate.jpa.internal.util.LogHelper  : HHH000204: Processing PersistenceUnitInfo [name: default]
2021-01-13 11:04:32.827  INFO 9840 --- [restartedMain] org.hibernate.dialect.Dialect            : HHH000400: Using dialect: org.hibernate.dialect.H2Dialect
2021-01-13 11:04:32.887 DEBUG 9840 --- [restartedMain] org.hibernate.SQL                        : 
    
    create table post (
       id bigint generated by default as identity,
        created_date date not null,
        title varchar(255),
        primary key (id)
    )
2021-01-13 11:04:32.889 DEBUG 9840 --- [restartedMain] org.hibernate.SQL                        : 
    
    create table user (
       id bigint generated by default as identity,
        email varchar(100) not null,
        password varchar(100) not null,
        primary key (id)
    )
2021-01-13 11:04:32.891 DEBUG 9840 --- [restartedMain] org.hibernate.SQL                        : 
    
    create table user_roles (
       user_id bigint not null,
        roles varchar(255)
    )
2021-01-13 11:04:32.891 DEBUG 9840 --- [restartedMain] org.hibernate.SQL                        : 
    
    alter table user 
       drop constraint if exists UK_ob8kqyqqgmefl0aco34akdtpe
2021-01-13 11:04:32.892 DEBUG 9840 --- [restartedMain] org.hibernate.SQL                        : 
    
    alter table user 
       add constraint UK_ob8kqyqqgmefl0aco34akdtpe unique (email)
2021-01-13 11:04:32.892 DEBUG 9840 --- [restartedMain] org.hibernate.SQL                        : 
    
    alter table user_roles 
       add constraint FK55itppkw3i07do3h7qoclqd4k 
       foreign key (user_id) 
       references user
2021-01-13 11:04:32.894  INFO 9840 --- [restartedMain] o.h.e.t.j.p.i.JtaPlatformInitiator       : HHH000490: Using JtaPlatform implementation: [org.hibernate.engine.transaction.jta.platform.internal.NoJtaPlatform]
2021-01-13 11:04:32.895  INFO 9840 --- [restartedMain] j.LocalContainerEntityManagerFactoryBean : Initialized JPA EntityManagerFactory for persistence unit 'default'
2021-01-13 11:04:32.922  INFO 9840 --- [restartedMain] o.s.b.d.a.OptionalLiveReloadServer       : LiveReload server is running on port 35729
2021-01-13 11:04:32.964  WARN 9840 --- [restartedMain] JpaBaseConfiguration$JpaWebConfiguration : spring.jpa.open-in-view is enabled by default. Therefore, database queries may be performed during view rendering. Explicitly configure spring.jpa.open-in-view to disable this warning
2021-01-13 11:04:33.135  INFO 9840 --- [restartedMain] o.s.s.web.DefaultSecurityFilterChain     : Will secure any request with [org.springframework.security.web.context.request.async.WebAsyncManagerIntegrationFilter@6d839b1c, org.springframework.security.web.context.SecurityContextPersistenceFilter@6c185086, org.springframework.security.web.header.HeaderWriterFilter@487d7dc4, org.springframework.web.filter.CorsFilter@3e91c8c9, org.springframework.security.web.authentication.logout.LogoutFilter@c22db00, org.springframework.security.web.savedrequest.RequestCacheAwareFilter@78386ab3, org.springframework.security.web.servletapi.SecurityContextHolderAwareRequestFilter@5b08bb2d, org.springframework.security.web.authentication.AnonymousAuthenticationFilter@2c602771, org.springframework.security.web.session.SessionManagementFilter@5075328a, org.springframework.security.web.access.ExceptionTranslationFilter@7ded2b35, org.springframework.security.web.access.intercept.FilterSecurityInterceptor@521f3809]
2021-01-13 11:04:33.198  INFO 9840 --- [restartedMain] o.s.s.concurrent.ThreadPoolTaskExecutor  : Initializing ExecutorService 'applicationTaskExecutor'
2021-01-13 11:04:33.385  INFO 9840 --- [restartedMain] o.s.b.w.embedded.tomcat.TomcatWebServer  : Tomcat started on port(s): 9090 (http) with context path ''
2021-01-13 11:04:33.401  INFO 9840 --- [restartedMain] com.rest.api.ApiApplication              : Started ApiApplication in 1.921 seconds (JVM running for 756.371)
2021-01-13 11:04:33.401  INFO 9840 --- [restartedMain] .ConditionEvaluationDeltaLoggingListener : Condition evaluation unchanged
2021-01-13 11:04:35.434  INFO 9840 --- [Thread-55] o.s.s.concurrent.ThreadPoolTaskExecutor  : Shutting down ExecutorService 'applicationTaskExecutor'
2021-01-13 11:04:35.436  INFO 9840 --- [Thread-55] j.LocalContainerEntityManagerFactoryBean : Closing JPA EntityManagerFactory for persistence unit 'default'
2021-01-13 11:04:35.638  WARN 9840 --- [Thread-55] o.s.b.f.support.DisposableBeanAdapter    : Invocation of destroy method failed on bean with name 'inMemoryDatabaseShutdownExecutor': org.h2.jdbc.JdbcSQLNonTransientConnectionException: Database is already closed (to disable automatic closing at VM shutdown, add ";DB_CLOSE_ON_EXIT=FALSE" to the db URL) [90121-200]
2021-01-13 11:04:35.639  INFO 9840 --- [Thread-55] com.zaxxer.hikari.HikariDataSource       : HikariPool-5 - Shutdown initiated...
2021-01-13 11:04:35.650  INFO 9840 --- [Thread-55] com.zaxxer.hikari.HikariDataSource       : HikariPool-5 - Shutdown completed.
2021-01-13 11:04:35.959  INFO 9840 --- [restartedMain] com.rest.api.ApiApplication              : Starting ApiApplication using Java 1.8.0_112 on DESKTOP-I8DO9IO with PID 9840 (D:\project\api\build\classes\java\main started by sangs in D:\project\api)
2021-01-13 11:04:35.960  INFO 9840 --- [restartedMain] com.rest.api.ApiApplication              : The following profiles are active: local
2021-01-13 11:04:36.150  INFO 9840 --- [restartedMain] .s.d.r.c.RepositoryConfigurationDelegate : Multiple Spring Data modules found, entering strict repository configuration mode!
2021-01-13 11:04:36.151  INFO 9840 --- [restartedMain] .s.d.r.c.RepositoryConfigurationDelegate : Bootstrapping Spring Data JPA repositories in DEFAULT mode.
2021-01-13 11:04:36.170  INFO 9840 --- [restartedMain] .s.d.r.c.RepositoryConfigurationDelegate : Finished Spring Data repository scanning in 19 ms. Found 2 JPA repository interfaces.
2021-01-13 11:04:36.172  INFO 9840 --- [restartedMain] .s.d.r.c.RepositoryConfigurationDelegate : Multiple Spring Data modules found, entering strict repository configuration mode!
2021-01-13 11:04:36.172  INFO 9840 --- [restartedMain] .s.d.r.c.RepositoryConfigurationDelegate : Bootstrapping Spring Data Redis repositories in DEFAULT mode.
2021-01-13 11:04:36.175  INFO 9840 --- [restartedMain] .RepositoryConfigurationExtensionSupport : Spring Data Redis - Could not safely identify store assignment for repository candidate interface com.rest.api.repository.PostRepository. If you want this repository to be a Redis repository, consider annotating your entities with one of these annotations: org.springframework.data.redis.core.RedisHash (preferred), or consider extending one of the following types with your repository: org.springframework.data.keyvalue.repository.KeyValueRepository.
2021-01-13 11:04:36.176  INFO 9840 --- [restartedMain] .RepositoryConfigurationExtensionSupport : Spring Data Redis - Could not safely identify store assignment for repository candidate interface com.rest.api.repository.UserRepository. If you want this repository to be a Redis repository, consider annotating your entities with one of these annotations: org.springframework.data.redis.core.RedisHash (preferred), or consider extending one of the following types with your repository: org.springframework.data.keyvalue.repository.KeyValueRepository.
2021-01-13 11:04:36.176  INFO 9840 --- [restartedMain] .s.d.r.c.RepositoryConfigurationDelegate : Finished Spring Data repository scanning in 3 ms. Found 0 Redis repository interfaces.
2021-01-13 11:04:36.338  INFO 9840 --- [restartedMain] o.s.b.w.embedded.tomcat.TomcatWebServer  : Tomcat initialized with port(s): 9090 (http)
2021-01-13 11:04:36.339  INFO 9840 --- [restartedMain] o.apache.catalina.core.StandardService   : Starting service [Tomcat]
2021-01-13 11:04:36.339  INFO 9840 --- [restartedMain] org.apache.catalina.core.StandardEngine  : Starting Servlet engine: [Apache Tomcat/9.0.41]
2021-01-13 11:04:36.359  INFO 9840 --- [restartedMain] o.a.c.c.C.[Tomcat].[localhost].[/]       : Initializing Spring embedded WebApplicationContext
2021-01-13 11:04:36.359  INFO 9840 --- [restartedMain] w.s.c.ServletWebServerApplicationContext : Root WebApplicationContext: initialization completed in 395 ms
2021-01-13 11:04:36.397  INFO 9840 --- [restartedMain] com.zaxxer.hikari.HikariDataSource       : HikariPool-6 - Starting...
2021-01-13 11:04:36.400  INFO 9840 --- [restartedMain] com.zaxxer.hikari.HikariDataSource       : HikariPool-6 - Start completed.
2021-01-13 11:04:36.400  INFO 9840 --- [restartedMain] o.s.b.a.h2.H2ConsoleAutoConfiguration    : H2 console available at '/h2-console'. Database available at 'jdbc:h2:mem:testdb'
2021-01-13 11:04:36.408  INFO 9840 --- [restartedMain] o.s.boot.web.servlet.RegistrationBean    : Filter jwtRequestFilter was not registered (disabled)
2021-01-13 11:04:36.422  INFO 9840 --- [restartedMain] o.hibernate.jpa.internal.util.LogHelper  : HHH000204: Processing PersistenceUnitInfo [name: default]
2021-01-13 11:04:36.427  INFO 9840 --- [restartedMain] org.hibernate.dialect.Dialect            : HHH000400: Using dialect: org.hibernate.dialect.H2Dialect
2021-01-13 11:04:36.465 DEBUG 9840 --- [restartedMain] org.hibernate.SQL                        : 
    
    create table post (
       id bigint generated by default as identity,
        created_date date not null,
        title varchar(255),
        primary key (id)
    )
2021-01-13 11:04:36.467 DEBUG 9840 --- [restartedMain] org.hibernate.SQL                        : 
    
    create table user (
       id bigint generated by default as identity,
        email varchar(100) not null,
        password varchar(100) not null,
        primary key (id)
    )
2021-01-13 11:04:36.468 DEBUG 9840 --- [restartedMain] org.hibernate.SQL                        : 
    
    create table user_roles (
       user_id bigint not null,
        roles varchar(255)
    )
2021-01-13 11:04:36.468 DEBUG 9840 --- [restartedMain] org.hibernate.SQL                        : 
    
    alter table user 
       drop constraint if exists UK_ob8kqyqqgmefl0aco34akdtpe
2021-01-13 11:04:36.468 DEBUG 9840 --- [restartedMain] org.hibernate.SQL                        : 
    
    alter table user 
       add constraint UK_ob8kqyqqgmefl0aco34akdtpe unique (email)
2021-01-13 11:04:36.469 DEBUG 9840 --- [restartedMain] org.hibernate.SQL                        : 
    
    alter table user_roles 
       add constraint FK55itppkw3i07do3h7qoclqd4k 
       foreign key (user_id) 
       references user
2021-01-13 11:04:36.470  INFO 9840 --- [restartedMain] o.h.e.t.j.p.i.JtaPlatformInitiator       : HHH000490: Using JtaPlatform implementation: [org.hibernate.engine.transaction.jta.platform.internal.NoJtaPlatform]
2021-01-13 11:04:36.470  INFO 9840 --- [restartedMain] j.LocalContainerEntityManagerFactoryBean : Initialized JPA EntityManagerFactory for persistence unit 'default'
2021-01-13 11:04:36.480  INFO 9840 --- [restartedMain] o.s.b.d.a.OptionalLiveReloadServer       : LiveReload server is running on port 35729
2021-01-13 11:04:36.498  WARN 9840 --- [restartedMain] JpaBaseConfiguration$JpaWebConfiguration : spring.jpa.open-in-view is enabled by default. Therefore, database queries may be performed during view rendering. Explicitly configure spring.jpa.open-in-view to disable this warning
2021-01-13 11:04:36.585  INFO 9840 --- [restartedMain] o.s.s.web.DefaultSecurityFilterChain     : Will secure any request with [org.springframework.security.web.context.request.async.WebAsyncManagerIntegrationFilter@1f28410c, org.springframework.security.web.context.SecurityContextPersistenceFilter@1c1352a6, org.springframework.security.web.header.HeaderWriterFilter@1600ceac, org.springframework.web.filter.CorsFilter@8de42ce, org.springframework.security.web.authentication.logout.LogoutFilter@6e424265, org.springframework.security.web.savedrequest.RequestCacheAwareFilter@33e0a98b, org.springframework.security.web.servletapi.SecurityContextHolderAwareRequestFilter@230574f5, org.springframework.security.web.authentication.AnonymousAuthenticationFilter@284da2d6, org.springframework.security.web.session.SessionManagementFilter@57738feb, org.springframework.security.web.access.ExceptionTranslationFilter@6c387c8b, org.springframework.security.web.access.intercept.FilterSecurityInterceptor@27554f35]
2021-01-13 11:04:36.619  INFO 9840 --- [restartedMain] o.s.s.concurrent.ThreadPoolTaskExecutor  : Initializing ExecutorService 'applicationTaskExecutor'
2021-01-13 11:04:36.721  INFO 9840 --- [restartedMain] o.s.b.w.embedded.tomcat.TomcatWebServer  : Tomcat started on port(s): 9090 (http) with context path ''
2021-01-13 11:04:36.725  INFO 9840 --- [restartedMain] com.rest.api.ApiApplication              : Started ApiApplication in 0.809 seconds (JVM running for 759.691)
2021-01-13 11:04:36.727  INFO 9840 --- [restartedMain] .ConditionEvaluationDeltaLoggingListener : Condition evaluation unchanged
2021-01-13 11:07:01.907  INFO 9840 --- [Thread-61] o.s.s.concurrent.ThreadPoolTaskExecutor  : Shutting down ExecutorService 'applicationTaskExecutor'
2021-01-13 11:07:01.907  INFO 9840 --- [Thread-61] j.LocalContainerEntityManagerFactoryBean : Closing JPA EntityManagerFactory for persistence unit 'default'
2021-01-13 11:07:02.107  WARN 9840 --- [Thread-61] o.s.b.f.support.DisposableBeanAdapter    : Invocation of destroy method failed on bean with name 'inMemoryDatabaseShutdownExecutor': org.h2.jdbc.JdbcSQLNonTransientConnectionException: Database is already closed (to disable automatic closing at VM shutdown, add ";DB_CLOSE_ON_EXIT=FALSE" to the db URL) [90121-200]
2021-01-13 11:07:02.108  INFO 9840 --- [Thread-61] com.zaxxer.hikari.HikariDataSource       : HikariPool-6 - Shutdown initiated...
2021-01-13 11:07:02.116  INFO 9840 --- [Thread-61] com.zaxxer.hikari.HikariDataSource       : HikariPool-6 - Shutdown completed.
2021-01-13 11:07:02.464  INFO 9840 --- [restartedMain] com.rest.api.ApiApplication              : Starting ApiApplication using Java 1.8.0_112 on DESKTOP-I8DO9IO with PID 9840 (D:\project\api\build\classes\java\main started by sangs in D:\project\api)
2021-01-13 11:07:02.464  INFO 9840 --- [restartedMain] com.rest.api.ApiApplication              : The following profiles are active: local
2021-01-13 11:07:02.623  INFO 9840 --- [restartedMain] .s.d.r.c.RepositoryConfigurationDelegate : Multiple Spring Data modules found, entering strict repository configuration mode!
2021-01-13 11:07:02.623  INFO 9840 --- [restartedMain] .s.d.r.c.RepositoryConfigurationDelegate : Bootstrapping Spring Data JPA repositories in DEFAULT mode.
2021-01-13 11:07:02.623  INFO 9840 --- [restartedMain] .s.d.r.c.RepositoryConfigurationDelegate : Finished Spring Data repository scanning in 0 ms. Found 0 JPA repository interfaces.
2021-01-13 11:07:02.627  INFO 9840 --- [restartedMain] .s.d.r.c.RepositoryConfigurationDelegate : Multiple Spring Data modules found, entering strict repository configuration mode!
2021-01-13 11:07:02.627  INFO 9840 --- [restartedMain] .s.d.r.c.RepositoryConfigurationDelegate : Bootstrapping Spring Data Redis repositories in DEFAULT mode.
2021-01-13 11:07:02.628  INFO 9840 --- [restartedMain] .s.d.r.c.RepositoryConfigurationDelegate : Finished Spring Data repository scanning in 0 ms. Found 0 Redis repository interfaces.
2021-01-13 11:07:02.766  INFO 9840 --- [restartedMain] o.s.b.w.embedded.tomcat.TomcatWebServer  : Tomcat initialized with port(s): 9090 (http)
2021-01-13 11:07:02.767  INFO 9840 --- [restartedMain] o.apache.catalina.core.StandardService   : Starting service [Tomcat]
2021-01-13 11:07:02.767  INFO 9840 --- [restartedMain] org.apache.catalina.core.StandardEngine  : Starting Servlet engine: [Apache Tomcat/9.0.41]
2021-01-13 11:07:02.783  INFO 9840 --- [restartedMain] o.a.c.c.C.[Tomcat].[localhost].[/]       : Initializing Spring embedded WebApplicationContext
2021-01-13 11:07:02.783  INFO 9840 --- [restartedMain] w.s.c.ServletWebServerApplicationContext : Root WebApplicationContext: initialization completed in 316 ms
2021-01-13 11:07:02.798  INFO 9840 --- [restartedMain] com.zaxxer.hikari.HikariDataSource       : HikariPool-7 - Starting...
2021-01-13 11:07:02.800  INFO 9840 --- [restartedMain] com.zaxxer.hikari.HikariDataSource       : HikariPool-7 - Start completed.
2021-01-13 11:07:02.800  INFO 9840 --- [restartedMain] o.s.b.a.h2.H2ConsoleAutoConfiguration    : H2 console available at '/h2-console'. Database available at 'jdbc:h2:mem:testdb'
2021-01-13 11:07:02.818  INFO 9840 --- [restartedMain] o.hibernate.jpa.internal.util.LogHelper  : HHH000204: Processing PersistenceUnitInfo [name: default]
2021-01-13 11:07:02.822  INFO 9840 --- [restartedMain] org.hibernate.dialect.Dialect            : HHH000400: Using dialect: org.hibernate.dialect.H2Dialect
2021-01-13 11:07:02.838  INFO 9840 --- [restartedMain] o.h.e.t.j.p.i.JtaPlatformInitiator       : HHH000490: Using JtaPlatform implementation: [org.hibernate.engine.transaction.jta.platform.internal.NoJtaPlatform]
2021-01-13 11:07:02.838  INFO 9840 --- [restartedMain] j.LocalContainerEntityManagerFactoryBean : Initialized JPA EntityManagerFactory for persistence unit 'default'
2021-01-13 11:07:02.849  INFO 9840 --- [restartedMain] o.s.b.d.a.OptionalLiveReloadServer       : LiveReload server is running on port 35729
2021-01-13 11:07:02.862  WARN 9840 --- [restartedMain] JpaBaseConfiguration$JpaWebConfiguration : spring.jpa.open-in-view is enabled by default. Therefore, database queries may be performed during view rendering. Explicitly configure spring.jpa.open-in-view to disable this warning
2021-01-13 11:07:02.894  INFO 9840 --- [restartedMain] o.s.s.concurrent.ThreadPoolTaskExecutor  : Initializing ExecutorService 'applicationTaskExecutor'
2021-01-13 11:07:02.992  INFO 9840 --- [restartedMain] .s.s.UserDetailsServiceAutoConfiguration : 

Using generated security password: d503f282-1236-4f0e-a96e-81f16b42e430

2021-01-13 11:07:03.029  INFO 9840 --- [restartedMain] o.s.s.web.DefaultSecurityFilterChain     : Will secure any request with [org.springframework.security.web.context.request.async.WebAsyncManagerIntegrationFilter@43f2abc3, org.springframework.security.web.context.SecurityContextPersistenceFilter@2a9564d7, org.springframework.security.web.header.HeaderWriterFilter@7efd11a5, org.springframework.security.web.csrf.CsrfFilter@119e70a, org.springframework.security.web.authentication.logout.LogoutFilter@5816a824, org.springframework.security.web.authentication.UsernamePasswordAuthenticationFilter@21c103a9, org.springframework.security.web.authentication.ui.DefaultLoginPageGeneratingFilter@e19f524, org.springframework.security.web.authentication.ui.DefaultLogoutPageGeneratingFilter@4c3d346f, org.springframework.security.web.authentication.www.BasicAuthenticationFilter@e5df834, org.springframework.security.web.savedrequest.RequestCacheAwareFilter@4ff3c8aa, org.springframework.security.web.servletapi.SecurityContextHolderAwareRequestFilter@591588c8, org.springframework.security.web.authentication.AnonymousAuthenticationFilter@2d40e984, org.springframework.security.web.session.SessionManagementFilter@301288c7, org.springframework.security.web.access.ExceptionTranslationFilter@59178285, org.springframework.security.web.access.intercept.FilterSecurityInterceptor@4ad0d112]
2021-01-13 11:07:03.052  INFO 9840 --- [restartedMain] o.s.b.w.embedded.tomcat.TomcatWebServer  : Tomcat started on port(s): 9090 (http) with context path ''
2021-01-13 11:07:03.056  INFO 9840 --- [restartedMain] com.rest.api.ApiApplication              : Started ApiApplication in 0.631 seconds (JVM running for 906.022)
2021-01-13 11:07:03.062  INFO 9840 --- [restartedMain] .ConditionEvaluationDeltaLoggingListener : Condition evaluation delta:


==========================
CONDITION EVALUATION DELTA
==========================


Positive matches:
-----------------

   LettuceConnectionConfiguration#redisConnectionFactory matched:
      - @ConditionalOnMissingBean (types: org.springframework.data.redis.connection.RedisConnectionFactory; SearchStrategy: all) did not find any beans (OnBeanCondition)

   RedisAutoConfiguration#redisTemplate matched:
      - @ConditionalOnSingleCandidate (types: org.springframework.data.redis.connection.RedisConnectionFactory; SearchStrategy: all) found a primary bean from beans 'redisConnectionFactory'; @ConditionalOnMissingBean (names: redisTemplate; SearchStrategy: all) did not find any beans (OnBeanCondition)

   RedisReactiveAutoConfiguration#reactiveRedisTemplate matched:
      - @ConditionalOnBean (types: org.springframework.data.redis.connection.ReactiveRedisConnectionFactory; SearchStrategy: all) found bean 'redisConnectionFactory'; @ConditionalOnMissingBean (names: reactiveRedisTemplate; SearchStrategy: all) did not find any beans (OnBeanCondition)

   RedisReactiveAutoConfiguration#reactiveStringRedisTemplate matched:
      - @ConditionalOnBean (types: org.springframework.data.redis.connection.ReactiveRedisConnectionFactory; SearchStrategy: all) found bean 'redisConnectionFactory'; @ConditionalOnMissingBean (names: reactiveStringRedisTemplate; SearchStrategy: all) did not find any beans (OnBeanCondition)

   SpringBootWebSecurityConfiguration matched:
      - found 'session' scope (OnWebApplicationCondition)
      - AllNestedConditions 2 matched 0 did not; NestedCondition on DefaultWebSecurityCondition.Beans @ConditionalOnMissingBean (types: org.springframework.security.config.annotation.web.configuration.WebSecurityConfigurerAdapter,org.springframework.security.web.SecurityFilterChain; SearchStrategy: all) did not find any beans; NestedCondition on DefaultWebSecurityCondition.Classes @ConditionalOnClass found required classes 'org.springframework.security.web.SecurityFilterChain', 'org.springframework.security.config.annotation.web.builders.HttpSecurity' (DefaultWebSecurityCondition)

   UserDetailsServiceAutoConfiguration matched:
      - @ConditionalOnClass found required class 'org.springframework.security.authentication.AuthenticationManager' (OnClassCondition)
      - @ConditionalOnBean (types: org.springframework.security.config.annotation.ObjectPostProcessor; SearchStrategy: all) found bean 'objectPostProcessor'; @ConditionalOnMissingBean (types: org.springframework.security.authentication.AuthenticationManager,org.springframework.security.authentication.AuthenticationProvider,org.springframework.security.core.userdetails.UserDetailsService,org.springframework.security.oauth2.jwt.JwtDecoder,org.springframework.security.oauth2.server.resource.introspection.OpaqueTokenIntrospector; SearchStrategy: all) did not find any beans (OnBeanCondition)

   UserDetailsServiceAutoConfiguration#inMemoryUserDetailsManager matched:
      - @ConditionalOnMissingBean (types: org.springframework.security.oauth2.client.registration.ClientRegistrationRepository; SearchStrategy: all) did not find any beans (OnBeanCondition)

   WebSecurityEnablerConfiguration matched:
      - @ConditionalOnClass found required class 'org.springframework.security.config.annotation.web.configuration.EnableWebSecurity' (OnClassCondition)
      - found 'session' scope (OnWebApplicationCondition)
      - @ConditionalOnMissingBean (names: springSecurityFilterChain; SearchStrategy: all) did not find any beans (OnBeanCondition)


Negative matches:
-----------------

    None


Exclusions:
-----------

    None


Unconditional classes:
----------------------

    None



2021-01-13 11:07:09.561  INFO 9840 --- [Thread-67] o.s.s.concurrent.ThreadPoolTaskExecutor  : Shutting down ExecutorService 'applicationTaskExecutor'
2021-01-13 11:07:09.561  INFO 9840 --- [Thread-67] j.LocalContainerEntityManagerFactoryBean : Closing JPA EntityManagerFactory for persistence unit 'default'
2021-01-13 11:07:09.764  WARN 9840 --- [Thread-67] o.s.b.f.support.DisposableBeanAdapter    : Invocation of destroy method failed on bean with name 'inMemoryDatabaseShutdownExecutor': org.h2.jdbc.JdbcSQLNonTransientConnectionException: Database is already closed (to disable automatic closing at VM shutdown, add ";DB_CLOSE_ON_EXIT=FALSE" to the db URL) [90121-200]
2021-01-13 11:07:09.764  INFO 9840 --- [Thread-67] com.zaxxer.hikari.HikariDataSource       : HikariPool-7 - Shutdown initiated...
2021-01-13 11:07:09.768  INFO 9840 --- [Thread-67] com.zaxxer.hikari.HikariDataSource       : HikariPool-7 - Shutdown completed.
2021-01-13 11:07:10.050  INFO 9840 --- [restartedMain] com.rest.api.ApiApplication              : Starting ApiApplication using Java 1.8.0_112 on DESKTOP-I8DO9IO with PID 9840 (D:\project\api\build\classes\java\main started by sangs in D:\project\api)
2021-01-13 11:07:10.050  INFO 9840 --- [restartedMain] com.rest.api.ApiApplication              : The following profiles are active: local
2021-01-13 11:07:10.253  INFO 9840 --- [restartedMain] .s.d.r.c.RepositoryConfigurationDelegate : Multiple Spring Data modules found, entering strict repository configuration mode!
2021-01-13 11:07:10.253  INFO 9840 --- [restartedMain] .s.d.r.c.RepositoryConfigurationDelegate : Bootstrapping Spring Data JPA repositories in DEFAULT mode.
2021-01-13 11:07:10.268  INFO 9840 --- [restartedMain] .s.d.r.c.RepositoryConfigurationDelegate : Finished Spring Data repository scanning in 16 ms. Found 2 JPA repository interfaces.
2021-01-13 11:07:10.268  INFO 9840 --- [restartedMain] .s.d.r.c.RepositoryConfigurationDelegate : Multiple Spring Data modules found, entering strict repository configuration mode!
2021-01-13 11:07:10.268  INFO 9840 --- [restartedMain] .s.d.r.c.RepositoryConfigurationDelegate : Bootstrapping Spring Data Redis repositories in DEFAULT mode.
2021-01-13 11:07:10.268  INFO 9840 --- [restartedMain] .RepositoryConfigurationExtensionSupport : Spring Data Redis - Could not safely identify store assignment for repository candidate interface com.rest.api.repository.PostRepository. If you want this repository to be a Redis repository, consider annotating your entities with one of these annotations: org.springframework.data.redis.core.RedisHash (preferred), or consider extending one of the following types with your repository: org.springframework.data.keyvalue.repository.KeyValueRepository.
2021-01-13 11:07:10.268  INFO 9840 --- [restartedMain] .RepositoryConfigurationExtensionSupport : Spring Data Redis - Could not safely identify store assignment for repository candidate interface com.rest.api.repository.UserRepository. If you want this repository to be a Redis repository, consider annotating your entities with one of these annotations: org.springframework.data.redis.core.RedisHash (preferred), or consider extending one of the following types with your repository: org.springframework.data.keyvalue.repository.KeyValueRepository.
2021-01-13 11:07:10.268  INFO 9840 --- [restartedMain] .s.d.r.c.RepositoryConfigurationDelegate : Finished Spring Data repository scanning in 2 ms. Found 0 Redis repository interfaces.
2021-01-13 11:07:10.378  INFO 9840 --- [restartedMain] o.s.b.w.embedded.tomcat.TomcatWebServer  : Tomcat initialized with port(s): 9090 (http)
2021-01-13 11:07:10.378  INFO 9840 --- [restartedMain] o.apache.catalina.core.StandardService   : Starting service [Tomcat]
2021-01-13 11:07:10.378  INFO 9840 --- [restartedMain] org.apache.catalina.core.StandardEngine  : Starting Servlet engine: [Apache Tomcat/9.0.41]
2021-01-13 11:07:10.393  INFO 9840 --- [restartedMain] o.a.c.c.C.[Tomcat].[localhost].[/]       : Initializing Spring embedded WebApplicationContext
2021-01-13 11:07:10.393  INFO 9840 --- [restartedMain] w.s.c.ServletWebServerApplicationContext : Root WebApplicationContext: initialization completed in 343 ms
2021-01-13 11:07:10.425  INFO 9840 --- [restartedMain] com.zaxxer.hikari.HikariDataSource       : HikariPool-8 - Starting...
2021-01-13 11:07:10.425  INFO 9840 --- [restartedMain] com.zaxxer.hikari.HikariDataSource       : HikariPool-8 - Start completed.
2021-01-13 11:07:10.425  INFO 9840 --- [restartedMain] o.s.b.a.h2.H2ConsoleAutoConfiguration    : H2 console available at '/h2-console'. Database available at 'jdbc:h2:mem:testdb'
2021-01-13 11:07:10.425  INFO 9840 --- [restartedMain] o.s.boot.web.servlet.RegistrationBean    : Filter jwtRequestFilter was not registered (disabled)
2021-01-13 11:07:10.440  INFO 9840 --- [restartedMain] o.hibernate.jpa.internal.util.LogHelper  : HHH000204: Processing PersistenceUnitInfo [name: default]
2021-01-13 11:07:10.456  INFO 9840 --- [restartedMain] org.hibernate.dialect.Dialect            : HHH000400: Using dialect: org.hibernate.dialect.H2Dialect
2021-01-13 11:07:10.503 DEBUG 9840 --- [restartedMain] org.hibernate.SQL                        : 
    
    create table post (
       id bigint generated by default as identity,
        created_date date not null,
        title varchar(255),
        primary key (id)
    )
2021-01-13 11:07:10.503 DEBUG 9840 --- [restartedMain] org.hibernate.SQL                        : 
    
    create table user (
       id bigint generated by default as identity,
        email varchar(100) not null,
        password varchar(100) not null,
        primary key (id)
    )
2021-01-13 11:07:10.503 DEBUG 9840 --- [restartedMain] org.hibernate.SQL                        : 
    
    create table user_roles (
       user_id bigint not null,
        roles varchar(255)
    )
2021-01-13 11:07:10.503 DEBUG 9840 --- [restartedMain] org.hibernate.SQL                        : 
    
    alter table user 
       drop constraint if exists UK_ob8kqyqqgmefl0aco34akdtpe
2021-01-13 11:07:10.503 DEBUG 9840 --- [restartedMain] org.hibernate.SQL                        : 
    
    alter table user 
       add constraint UK_ob8kqyqqgmefl0aco34akdtpe unique (email)
2021-01-13 11:07:10.503 DEBUG 9840 --- [restartedMain] org.hibernate.SQL                        : 
    
    alter table user_roles 
       add constraint FK55itppkw3i07do3h7qoclqd4k 
       foreign key (user_id) 
       references user
2021-01-13 11:07:10.503  INFO 9840 --- [restartedMain] o.h.e.t.j.p.i.JtaPlatformInitiator       : HHH000490: Using JtaPlatform implementation: [org.hibernate.engine.transaction.jta.platform.internal.NoJtaPlatform]
2021-01-13 11:07:10.503  INFO 9840 --- [restartedMain] j.LocalContainerEntityManagerFactoryBean : Initialized JPA EntityManagerFactory for persistence unit 'default'
2021-01-13 11:07:10.518  INFO 9840 --- [restartedMain] o.s.b.d.a.OptionalLiveReloadServer       : LiveReload server is running on port 35729
2021-01-13 11:07:10.550  WARN 9840 --- [restartedMain] JpaBaseConfiguration$JpaWebConfiguration : spring.jpa.open-in-view is enabled by default. Therefore, database queries may be performed during view rendering. Explicitly configure spring.jpa.open-in-view to disable this warning
2021-01-13 11:07:10.643  INFO 9840 --- [restartedMain] o.s.s.web.DefaultSecurityFilterChain     : Will secure any request with [org.springframework.security.web.context.request.async.WebAsyncManagerIntegrationFilter@2b6d454, org.springframework.security.web.context.SecurityContextPersistenceFilter@5d9604ee, org.springframework.security.web.header.HeaderWriterFilter@28373afb, org.springframework.web.filter.CorsFilter@7917b74c, org.springframework.security.web.authentication.logout.LogoutFilter@2316960a, org.springframework.security.web.savedrequest.RequestCacheAwareFilter@34ea859f, org.springframework.security.web.servletapi.SecurityContextHolderAwareRequestFilter@259b811b, org.springframework.security.web.authentication.AnonymousAuthenticationFilter@3f77dd15, org.springframework.security.web.session.SessionManagementFilter@7d12c504, org.springframework.security.web.access.ExceptionTranslationFilter@32eb6fcc, org.springframework.security.web.access.intercept.FilterSecurityInterceptor@4b05fd47]
2021-01-13 11:07:10.674  INFO 9840 --- [restartedMain] o.s.s.concurrent.ThreadPoolTaskExecutor  : Initializing ExecutorService 'applicationTaskExecutor'
2021-01-13 11:07:10.753  INFO 9840 --- [restartedMain] o.s.b.w.embedded.tomcat.TomcatWebServer  : Tomcat started on port(s): 9090 (http) with context path ''
2021-01-13 11:07:10.753  INFO 9840 --- [restartedMain] com.rest.api.ApiApplication              : Started ApiApplication in 0.77 seconds (JVM running for 913.731)
2021-01-13 11:07:10.753  INFO 9840 --- [restartedMain] .ConditionEvaluationDeltaLoggingListener : Condition evaluation delta:


==========================
CONDITION EVALUATION DELTA
==========================


Positive matches:
-----------------

    None


Negative matches:
-----------------

   LettuceConnectionConfiguration#redisConnectionFactory:
      Did not match:
         - @ConditionalOnMissingBean (types: org.springframework.data.redis.connection.RedisConnectionFactory; SearchStrategy: all) found beans of type 'org.springframework.data.redis.connection.RedisConnectionFactory' redisConnectionFactory (OnBeanCondition)

   RedisAutoConfiguration#redisTemplate:
      Did not match:
         - @ConditionalOnMissingBean (names: redisTemplate; SearchStrategy: all) found beans named redisTemplate (OnBeanCondition)

   RedisReactiveAutoConfiguration#reactiveRedisTemplate:
      Did not match:
         - @ConditionalOnBean (types: org.springframework.data.redis.connection.ReactiveRedisConnectionFactory; SearchStrategy: all) did not find any beans of type org.springframework.data.redis.connection.ReactiveRedisConnectionFactory (OnBeanCondition)

   RedisReactiveAutoConfiguration#reactiveStringRedisTemplate:
      Did not match:
         - @ConditionalOnBean (types: org.springframework.data.redis.connection.ReactiveRedisConnectionFactory; SearchStrategy: all) did not find any beans of type org.springframework.data.redis.connection.ReactiveRedisConnectionFactory (OnBeanCondition)

   SpringBootWebSecurityConfiguration:
      Did not match:
         - AllNestedConditions 1 matched 1 did not; NestedCondition on DefaultWebSecurityCondition.Beans @ConditionalOnMissingBean (types: org.springframework.security.config.annotation.web.configuration.WebSecurityConfigurerAdapter,org.springframework.security.web.SecurityFilterChain; SearchStrategy: all) found beans of type 'org.springframework.security.config.annotation.web.configuration.WebSecurityConfigurerAdapter' securityConfig; NestedCondition on DefaultWebSecurityCondition.Classes @ConditionalOnClass found required classes 'org.springframework.security.web.SecurityFilterChain', 'org.springframework.security.config.annotation.web.builders.HttpSecurity' (DefaultWebSecurityCondition)
      Matched:
         - found 'session' scope (OnWebApplicationCondition)

   UserDetailsServiceAutoConfiguration:
      Did not match:
         - @ConditionalOnMissingBean (types: org.springframework.security.authentication.AuthenticationManager,org.springframework.security.authentication.AuthenticationProvider,org.springframework.security.core.userdetails.UserDetailsService,org.springframework.security.oauth2.jwt.JwtDecoder,org.springframework.security.oauth2.server.resource.introspection.OpaqueTokenIntrospector; SearchStrategy: all) found beans of type 'org.springframework.security.core.userdetails.UserDetailsService' customUserDetailService (OnBeanCondition)
      Matched:
         - @ConditionalOnClass found required class 'org.springframework.security.authentication.AuthenticationManager' (OnClassCondition)

   WebSecurityEnablerConfiguration:
      Did not match:
         - @ConditionalOnMissingBean (names: springSecurityFilterChain; SearchStrategy: all) found beans named springSecurityFilterChain (OnBeanCondition)
      Matched:
         - @ConditionalOnClass found required class 'org.springframework.security.config.annotation.web.configuration.EnableWebSecurity' (OnClassCondition)
         - found 'session' scope (OnWebApplicationCondition)


Exclusions:
-----------

    None


Unconditional classes:
----------------------

    None



